2019-10-29 09:57:28 INFO  Log:24 - setUp - before method 
2019-10-29 09:57:28 INFO  Log:24 - Open in CHROME
2019-10-29 09:57:30 INFO  Log:24 - Open spotim website  - conversation
2019-10-29 09:57:34 INFO  Log:24 - tearDown
2019-10-29 09:57:34 INFO  Log:24 - setUp - before method 
2019-10-29 09:57:34 INFO  Log:24 - Open in CHROME
2019-10-29 09:57:35 INFO  Log:24 - Open spotim website  - conversation
2019-10-29 09:57:38 INFO  Log:24 - tearDown
2019-10-29 09:57:38 INFO  Log:24 - setUp - before method 
2019-10-29 09:57:38 INFO  Log:24 - Open in CHROME
2019-10-29 09:57:38 INFO  Log:24 - Open spotim website  - conversation
2019-10-29 09:57:41 INFO  Log:24 - tearDown
2019-10-29 10:25:05 INFO  Log:24 - setUp - before method 
2019-10-29 10:25:05 INFO  Log:24 - Open in CHROME
2019-10-29 10:25:07 INFO  Log:24 - Open spotim website  - conversation
2019-10-29 10:25:11 INFO  Log:24 - tearDown
2019-10-29 10:25:11 INFO  Log:24 - setUp - before method 
2019-10-29 10:25:11 INFO  Log:24 - Open in CHROME
2019-10-29 10:25:12 INFO  Log:24 - Open spotim website  - conversation
2019-10-29 10:25:15 INFO  Log:24 - tearDown
2019-10-29 10:25:15 INFO  Log:24 - setUp - before method 
2019-10-29 10:25:15 INFO  Log:24 - Open in CHROME
2019-10-29 10:25:16 INFO  Log:24 - Open spotim website  - conversation
2019-10-29 10:25:19 INFO  Log:24 - tearDown
2019-10-29 10:39:50 INFO  Log:24 - setUp - before method 
2019-10-29 10:39:50 INFO  Log:24 - grid to run  - browserStacks 
2019-10-29 10:40:02 INFO  Log:24 - tearDown
2019-10-29 10:42:39 INFO  Log:24 - setUp - before method 
2019-10-29 10:42:39 INFO  Log:24 - grid to run  - browserStacks 
2019-10-29 10:43:16 INFO  Log:24 - tearDown
2019-10-29 10:56:25 INFO  Log:24 - setUp - before method 
2019-10-29 10:56:25 INFO  Log:24 - grid to run  - browserStacks 
2019-10-29 10:56:46 INFO  Log:24 - tearDown
2019-10-29 11:02:01 INFO  Log:24 - setUp - before method 
2019-10-29 11:02:01 INFO  Log:24 - grid to run  - browserStacks 
2019-10-29 11:02:11 INFO  Log:24 - Open spotim website  - conversation
2019-10-29 11:02:11 INFO  Log:24 - tearDown
2019-10-29 11:06:36 INFO  Log:24 - setUp - before method 
2019-10-29 11:06:36 INFO  Log:24 - grid to run  - browserStacks 
2019-10-29 11:07:18 INFO  Log:24 - setUp - before method 
2019-10-29 11:07:18 INFO  Log:24 - grid to run  - browserStacks 
2019-10-29 11:07:27 INFO  Log:24 - Open spotim website  - conversation
2019-10-29 11:07:38 INFO  Log:24 - tearDown
2019-10-29 11:07:39 INFO  Log:24 - setUp - before method 
2019-10-29 11:07:39 INFO  Log:24 - grid to run  - browserStacks 
2019-10-29 11:07:46 INFO  Log:24 - Open spotim website  - conversation
2019-10-29 11:07:55 INFO  Log:24 - tearDown
2019-10-29 11:07:55 INFO  Log:24 - setUp - before method 
2019-10-29 11:07:55 INFO  Log:24 - grid to run  - browserStacks 
2019-10-29 11:08:07 INFO  Log:24 - Open spotim website  - conversation
2019-10-29 11:08:17 INFO  Log:24 - tearDown
2019-10-29 11:10:49 INFO  Log:24 - setUp - before method 
2019-10-29 11:10:49 INFO  Log:24 - grid to run  - browserStacks 
2019-10-29 11:29:14 INFO  Log:24 - setUp - before method 
2019-10-29 11:29:14 INFO  Log:24 - grid to run  - myMachine 
2019-10-29 11:29:14 INFO  Log:24 - Open in CHROME
2019-10-29 11:29:16 INFO  Log:24 - Open spotim website  - conversation
2019-10-29 11:29:20 INFO  Log:24 - tearDown
2019-10-29 11:29:20 INFO  Log:24 - setUp - before method 
2019-10-29 11:29:20 INFO  Log:24 - grid to run  - myMachine 
2019-10-29 11:29:20 INFO  Log:24 - Open in CHROME
2019-10-29 11:29:20 INFO  Log:24 - Open spotim website  - conversation
2019-10-29 11:29:24 INFO  Log:24 - tearDown
2019-10-29 11:29:25 INFO  Log:24 - setUp - before method 
2019-10-29 11:29:25 INFO  Log:24 - grid to run  - myMachine 
2019-10-29 11:29:25 INFO  Log:24 - Open in CHROME
2019-10-29 11:29:25 INFO  Log:24 - Open spotim website  - conversation
2019-10-29 11:29:29 INFO  Log:24 - tearDown
2019-10-29 11:29:41 INFO  Log:24 - setUp - before method 
2019-10-29 11:29:41 INFO  Log:24 - grid to run  - browserStacks 
2019-10-29 11:29:57 INFO  Log:24 - Open spotim website  - conversation
2019-10-29 11:30:12 INFO  Log:24 - tearDown
2019-10-29 11:30:13 INFO  Log:24 - setUp - before method 
2019-10-29 11:30:13 INFO  Log:24 - grid to run  - browserStacks 
2019-10-29 11:30:25 INFO  Log:24 - Open spotim website  - conversation
2019-10-29 11:30:38 INFO  Log:24 - tearDown
2019-10-29 11:30:38 INFO  Log:24 - setUp - before method 
2019-10-29 11:30:38 INFO  Log:24 - grid to run  - browserStacks 
2019-10-29 11:30:50 INFO  Log:24 - Open spotim website  - conversation
2019-10-29 11:31:04 INFO  Log:24 - tearDown
2019-10-29 11:32:19 INFO  Log:24 - setUp - before method 
2019-10-29 11:32:19 INFO  Log:24 - grid to run  - browserStacks 
2019-10-29 11:35:00 INFO  Log:24 - setUp - before method 
2019-10-29 11:35:00 INFO  Log:24 - grid to run  - browserStacks 
2019-10-29 11:35:10 INFO  Log:24 - tearDown
2019-10-29 11:35:11 INFO  Log:24 - setUp - before method 
2019-10-29 11:35:11 INFO  Log:24 - grid to run  - browserStacks 
2019-10-29 11:35:28 INFO  Log:24 - tearDown
2019-10-29 11:35:28 INFO  Log:24 - setUp - before method 
2019-10-29 11:35:28 INFO  Log:24 - grid to run  - browserStacks 
2019-10-29 11:35:56 INFO  Log:24 - tearDown
2019-10-29 11:35:57 INFO  Log:24 - setUp - before method 
2019-10-29 11:35:57 INFO  Log:24 - grid to run  - browserStacks 
2019-10-29 11:36:21 INFO  Log:24 - tearDown
2019-10-29 11:36:22 INFO  Log:24 - setUp - before method 
2019-10-29 11:36:22 INFO  Log:24 - grid to run  - browserStacks 
2019-10-29 11:36:51 INFO  Log:24 - tearDown
2019-10-29 11:36:51 INFO  Log:24 - setUp - before method 
2019-10-29 11:36:51 INFO  Log:24 - grid to run  - browserStacks 
2019-10-29 11:37:23 INFO  Log:24 - tearDown
2019-10-29 11:37:23 INFO  Log:24 - setUp - before method 
2019-10-29 11:37:23 INFO  Log:24 - grid to run  - browserStacks 
2019-10-29 11:37:47 INFO  Log:24 - tearDown
2019-10-29 11:37:47 INFO  Log:24 - setUp - before method 
2019-10-29 11:37:47 INFO  Log:24 - grid to run  - browserStacks 
2019-10-29 11:37:58 INFO  Log:24 - tearDown
2019-10-29 11:37:58 INFO  Log:24 - setUp - before method 
2019-10-29 11:37:58 INFO  Log:24 - grid to run  - browserStacks 
2019-10-29 11:38:08 INFO  Log:24 - tearDown
2019-10-29 11:38:08 INFO  Log:24 - setUp - before method 
2019-10-29 11:38:08 INFO  Log:24 - grid to run  - browserStacks 
2019-10-29 11:38:32 INFO  Log:24 - tearDown
2019-10-29 11:38:32 INFO  Log:24 - setUp - before method 
2019-10-29 11:38:32 INFO  Log:24 - grid to run  - browserStacks 
2019-10-29 11:38:58 INFO  Log:24 - tearDown
2019-10-29 11:39:48 INFO  Log:24 - setUp - before method 
2019-10-29 11:39:48 INFO  Log:24 - grid to run  - myMachine 
2019-10-29 11:39:48 INFO  Log:24 - Open in CHROME
2019-10-29 11:39:54 INFO  Log:24 - tearDown
2019-10-29 11:40:43 INFO  Log:24 - tearDown
2019-10-29 11:40:46 INFO  Log:24 - setUp - before method 
2019-10-29 11:40:46 INFO  Log:24 - grid to run  - myMachine 
2019-10-29 11:40:46 INFO  Log:24 - Open in CHROME
2019-10-29 11:40:51 INFO  Log:24 - tearDown
2019-10-29 11:40:51 INFO  Log:24 - setUp - before method 
2019-10-29 11:40:51 INFO  Log:24 - grid to run  - myMachine 
2019-10-29 11:40:51 INFO  Log:24 - Open in CHROME
2019-10-29 11:40:55 INFO  Log:24 - tearDown
2019-10-29 11:40:56 INFO  Log:24 - setUp - before method 
2019-10-29 11:40:56 INFO  Log:24 - grid to run  - myMachine 
2019-10-29 11:40:56 INFO  Log:24 - Open in CHROME
2019-10-29 11:41:00 INFO  Log:24 - tearDown
2019-10-29 12:10:05 INFO  Log:24 - setUp - before method 
2019-10-29 12:10:05 INFO  Log:24 - grid to run  - myMachine 
2019-10-29 12:10:05 INFO  Log:24 - Open in CHROME
2019-10-29 12:20:28 INFO  Log:24 - setUp - before method 
2019-10-29 12:20:28 INFO  Log:24 - grid to run  - myMachine 
2019-10-29 12:20:28 INFO  Log:24 - Open in CHROME
2019-10-29 12:21:13 INFO  Log:24 - setUp - before method 
2019-10-29 12:21:13 INFO  Log:24 - grid to run  - myMachine 
2019-10-29 12:21:13 INFO  Log:24 - Open in CHROME
2019-10-29 12:36:31 INFO  Log:24 - setUp - before method 
2019-10-29 12:36:31 INFO  Log:24 - grid to run  - myMachine 
2019-10-29 12:36:31 INFO  Log:24 - Open in CHROME
2019-10-29 12:37:30 INFO  Log:24 - tearDown
2019-10-29 12:43:13 INFO  Log:24 - setUp - before method 
2019-10-29 12:43:13 INFO  Log:24 - grid to run  - myMachine 
2019-10-29 12:43:13 INFO  Log:24 - Open in CHROME
2019-10-29 12:44:20 INFO  Log:24 - setUp - before method 
2019-10-29 12:44:20 INFO  Log:24 - grid to run  - myMachine 
2019-10-29 12:44:20 INFO  Log:24 - Open in CHROME
2019-10-29 12:46:10 INFO  Log:24 - setUp - before method 
2019-10-29 12:46:10 INFO  Log:24 - grid to run  - myMachine 
2019-10-29 12:46:10 INFO  Log:24 - Open in CHROME
2019-10-29 12:47:23 INFO  Log:24 - tearDown
2019-10-29 12:47:41 INFO  Log:24 - setUp - before method 
2019-10-29 12:47:41 INFO  Log:24 - grid to run  - myMachine 
2019-10-29 12:47:41 INFO  Log:24 - Open in CHROME
2019-10-29 12:48:14 INFO  Log:24 - setUp - before method 
2019-10-29 12:48:14 INFO  Log:24 - grid to run  - myMachine 
2019-10-29 12:48:14 INFO  Log:24 - Open in CHROME
2019-10-29 12:50:53 INFO  Log:24 - setUp - before method 
2019-10-29 12:50:53 INFO  Log:24 - grid to run  - myMachine 
2019-10-29 12:50:53 INFO  Log:24 - Open in CHROME
2019-10-29 12:52:52 INFO  Log:24 - setUp - before method 
2019-10-29 12:52:52 INFO  Log:24 - grid to run  - myMachine 
2019-10-29 12:52:52 INFO  Log:24 - Open in CHROME
2019-10-29 12:53:06 INFO  Log:24 - tearDown
2019-10-29 12:54:06 INFO  Log:24 - setUp - before method 
2019-10-29 12:54:06 INFO  Log:24 - grid to run  - myMachine 
2019-10-29 12:54:06 INFO  Log:24 - Open in CHROME
2019-10-29 13:25:16 INFO  Log:24 - setUp - before method 
2019-10-29 13:25:16 INFO  Log:24 - grid to run  - myMachine 
2019-10-29 13:25:16 INFO  Log:24 - Open in CHROME
2019-10-29 13:25:58 INFO  Log:24 - setUp - before method 
2019-10-29 13:25:58 INFO  Log:24 - grid to run  - myMachine 
2019-10-29 13:25:58 INFO  Log:24 - Open in CHROME
2019-10-29 13:35:21 INFO  Log:24 - setUp - before method 
2019-10-29 13:35:21 INFO  Log:24 - grid to run  - myMachine 
2019-10-29 13:35:21 INFO  Log:24 - Open in CHROME
2019-10-29 13:42:04 INFO  Log:24 - setUp - before method 
2019-10-29 13:42:04 INFO  Log:24 - grid to run  - myMachine 
2019-10-29 13:42:04 INFO  Log:24 - Open in CHROME
2019-10-29 13:42:10 INFO  Log:24 - tearDown
2019-10-29 13:42:10 INFO  Log:24 - setUp - before method 
2019-10-29 13:42:10 INFO  Log:24 - grid to run  - myMachine 
2019-10-29 13:42:10 INFO  Log:24 - Open in CHROME
2019-10-29 13:42:29 INFO  Log:24 - setUp - before method 
2019-10-29 13:42:29 INFO  Log:24 - grid to run  - myMachine 
2019-10-29 13:42:29 INFO  Log:24 - Open in CHROME
2019-10-29 13:42:41 INFO  Log:24 - setUp - before method 
2019-10-29 13:42:41 INFO  Log:24 - grid to run  - myMachine 
2019-10-29 13:42:41 INFO  Log:24 - Open in CHROME
2019-10-29 13:43:14 INFO  Log:24 - tearDown
2019-10-29 14:48:59 INFO  Log:24 - setUp - before method 
2019-10-29 14:48:59 INFO  Log:24 - grid to run  - myMachine 
2019-10-29 14:48:59 INFO  Log:24 - Open in CHROME
2019-10-29 14:50:27 INFO  Log:24 - setUp - before method 
2019-10-29 14:50:27 INFO  Log:24 - grid to run  - myMachine 
2019-10-29 14:50:27 INFO  Log:24 - Open in CHROME
2019-10-29 15:00:33 INFO  Log:24 - setUp - before method 
2019-10-29 15:00:33 INFO  Log:24 - grid to run  - myMachine 
2019-10-29 15:00:33 INFO  Log:24 - Open in CHROME
2019-10-29 15:00:47 INFO  Log:24 - tearDown
2019-10-29 15:00:47 INFO  Log:24 - setUp - before method 
2019-10-29 15:00:47 INFO  Log:24 - grid to run  - myMachine 
2019-10-29 15:00:47 INFO  Log:24 - Open in CHROME
2019-10-29 15:05:58 INFO  Log:24 - setUp - before method 
2019-10-29 15:05:58 INFO  Log:24 - grid to run  - myMachine 
2019-10-29 15:05:58 INFO  Log:24 - Open in CHROME
2019-10-29 15:06:29 INFO  Log:24 - tearDown
2019-10-29 15:07:52 INFO  Log:24 - setUp - before method 
2019-10-29 15:07:52 INFO  Log:24 - grid to run  - myMachine 
2019-10-29 15:07:52 INFO  Log:24 - Open in CHROME
2019-10-29 15:08:02 INFO  Log:24 - tearDown
2019-10-29 15:08:54 INFO  Log:24 - setUp - before method 
2019-10-29 15:08:54 INFO  Log:24 - grid to run  - myMachine 
2019-10-29 15:08:54 INFO  Log:24 - Open in CHROME
2019-10-29 15:14:14 INFO  Log:24 - tearDown
2019-10-29 15:15:30 INFO  Log:24 - setUp - before method 
2019-10-29 15:15:30 INFO  Log:24 - grid to run  - myMachine 
2019-10-29 15:15:30 INFO  Log:24 - Open in CHROME
2019-10-29 15:17:51 INFO  Log:24 - tearDown
2019-10-29 15:19:25 INFO  Log:24 - setUp - before method 
2019-10-29 15:19:25 INFO  Log:24 - grid to run  - myMachine 
2019-10-29 15:19:25 INFO  Log:24 - Open in CHROME
2019-10-29 15:23:51 INFO  Log:24 - tearDown
2019-10-29 15:26:25 INFO  Log:24 - setUp - before method 
2019-10-29 15:26:25 INFO  Log:24 - grid to run  - myMachine 
2019-10-29 15:26:25 INFO  Log:24 - Open in CHROME
2019-10-29 15:27:21 INFO  Log:24 - tearDown
2019-10-29 15:28:30 INFO  Log:24 - setUp - before method 
2019-10-29 15:28:30 INFO  Log:24 - grid to run  - myMachine 
2019-10-29 15:28:30 INFO  Log:24 - Open in CHROME
2019-10-29 15:29:01 INFO  Log:24 - tearDown
2019-10-29 15:29:01 INFO  Log:24 - setUp - before method 
2019-10-29 15:29:01 INFO  Log:24 - grid to run  - myMachine 
2019-10-29 15:29:01 INFO  Log:24 - Open in CHROME
2019-10-29 15:29:11 INFO  Log:24 - setUp - before method 
2019-10-29 15:29:11 INFO  Log:24 - grid to run  - myMachine 
2019-10-29 15:29:11 INFO  Log:24 - Open in CHROME
2019-10-29 15:33:00 INFO  Log:24 - setUp - before method 
2019-10-29 15:33:00 INFO  Log:24 - grid to run  - myMachine 
2019-10-29 15:33:00 INFO  Log:24 - Open in CHROME
2019-10-29 15:33:39 INFO  Log:24 - tearDown
2019-10-29 15:41:17 INFO  Log:24 - setUp - before method 
2019-10-29 15:41:17 INFO  Log:24 - grid to run  - myMachine 
2019-10-29 15:41:17 INFO  Log:24 - Open in CHROME
2019-10-29 15:43:34 INFO  Log:24 - setUp - before method 
2019-10-29 15:43:34 INFO  Log:24 - grid to run  - myMachine 
2019-10-29 15:43:34 INFO  Log:24 - Open in CHROME
2019-10-29 15:43:44 INFO  Log:24 - tearDown
2019-10-29 15:43:44 INFO  Log:24 - setUp - before method 
2019-10-29 15:43:44 INFO  Log:24 - grid to run  - myMachine 
2019-10-29 15:43:44 INFO  Log:24 - Open in CHROME
2019-10-29 15:43:52 INFO  Log:24 - tearDown
2019-10-29 15:43:52 INFO  Log:24 - setUp - before method 
2019-10-29 15:43:52 INFO  Log:24 - grid to run  - myMachine 
2019-10-29 15:43:52 INFO  Log:24 - Open in CHROME
2019-10-29 15:44:05 INFO  Log:24 - tearDown
2019-10-29 15:47:55 INFO  Log:24 - setUp - before method 
2019-10-29 15:47:55 INFO  Log:24 - grid to run  - myMachine 
2019-10-29 15:47:55 INFO  Log:24 - Open in CHROME
2019-10-29 15:48:05 INFO  Log:24 - tearDown
2019-10-29 15:49:25 INFO  Log:24 - setUp - before method 
2019-10-29 15:49:25 INFO  Log:24 - grid to run  - myMachine 
2019-10-29 15:49:25 INFO  Log:24 - Open in CHROME
2019-10-29 15:49:35 INFO  Log:24 - tearDown
2019-10-29 15:50:28 INFO  Log:24 - setUp - before method 
2019-10-29 15:50:28 INFO  Log:24 - grid to run  - myMachine 
2019-10-29 15:50:28 INFO  Log:24 - Open in CHROME
2019-10-29 15:50:37 INFO  Log:24 - tearDown
2019-10-29 15:50:45 INFO  Log:24 - setUp - before method 
2019-10-29 15:50:45 INFO  Log:24 - grid to run  - myMachine 
2019-10-29 15:50:45 INFO  Log:24 - Open in CHROME
2019-10-29 15:50:54 INFO  Log:24 - tearDown
2019-10-29 15:56:13 INFO  Log:24 - setUp - before method 
2019-10-29 15:56:13 INFO  Log:24 - grid to run  - myMachine 
2019-10-29 15:56:13 INFO  Log:24 - Open in CHROME
2019-10-29 15:56:25 INFO  Log:24 - tearDown
2019-10-29 15:56:46 INFO  Log:24 - setUp - before method 
2019-10-29 15:56:46 INFO  Log:24 - grid to run  - myMachine 
2019-10-29 15:56:46 INFO  Log:24 - Open in CHROME
2019-10-29 15:57:05 INFO  Log:24 - tearDown
2019-10-29 16:41:36 INFO  Log:24 - setUp - before method 
2019-10-29 16:41:36 INFO  Log:24 - grid to run  - myMachine 
2019-10-29 16:41:36 INFO  Log:24 - Open in CHROME
2019-10-29 16:41:46 INFO  Log:24 - tearDown
2019-10-29 16:41:46 INFO  Log:24 - setUp - before method 
2019-10-29 16:41:46 INFO  Log:24 - grid to run  - myMachine 
2019-10-29 16:41:46 INFO  Log:24 - Open in CHROME
2019-10-29 16:41:50 INFO  Log:24 - tearDown
2019-10-29 16:41:50 INFO  Log:24 - setUp - before method 
2019-10-29 16:41:50 INFO  Log:24 - grid to run  - myMachine 
2019-10-29 16:41:50 INFO  Log:24 - Open in CHROME
2019-10-29 16:42:48 INFO  Log:24 - setUp - before method 
2019-10-29 16:42:48 INFO  Log:24 - grid to run  - myMachine 
2019-10-29 16:42:48 INFO  Log:24 - Open in CHROME
2019-10-29 16:42:58 INFO  Log:24 - tearDown
2019-10-29 16:44:00 INFO  Log:24 - setUp - before method 
2019-10-29 16:44:00 INFO  Log:24 - grid to run  - myMachine 
2019-10-29 16:44:00 INFO  Log:24 - Open in CHROME
2019-10-29 16:44:10 INFO  Log:24 - tearDown
2019-10-29 16:44:10 INFO  Log:24 - setUp - before method 
2019-10-29 16:44:10 INFO  Log:24 - grid to run  - myMachine 
2019-10-29 16:44:10 INFO  Log:24 - Open in CHROME
2019-10-29 16:44:19 INFO  Log:24 - tearDown
2019-10-29 16:44:19 INFO  Log:24 - setUp - before method 
2019-10-29 16:44:19 INFO  Log:24 - grid to run  - myMachine 
2019-10-29 16:44:19 INFO  Log:24 - Open in CHROME
2019-10-29 16:44:27 INFO  Log:24 - tearDown
2019-10-29 16:49:12 INFO  Log:24 - setUp - before method 
2019-10-29 16:49:12 INFO  Log:24 - grid to run  - myMachine 
2019-10-29 16:49:12 INFO  Log:24 - Open in CHROME
2019-10-29 16:49:27 INFO  Log:24 - tearDown
2019-10-29 16:49:27 INFO  Log:24 - setUp - before method 
2019-10-29 16:49:27 INFO  Log:24 - grid to run  - myMachine 
2019-10-29 16:49:27 INFO  Log:24 - Open in CHROME
2019-10-29 16:50:53 INFO  Log:24 - setUp - before method 
2019-10-29 16:50:53 INFO  Log:24 - grid to run  - myMachine 
2019-10-29 16:50:53 INFO  Log:24 - Open in CHROME
2019-10-29 16:51:02 INFO  Log:24 - tearDown
2019-10-29 16:51:17 INFO  Log:24 - setUp - before method 
2019-10-29 16:51:17 INFO  Log:24 - grid to run  - myMachine 
2019-10-29 16:51:17 INFO  Log:24 - Open in CHROME
2019-10-29 16:51:35 INFO  Log:24 - tearDown
2019-10-29 16:57:47 INFO  Log:24 - setUp - before method 
2019-10-29 16:57:47 INFO  Log:24 - grid to run  - myMachine 
2019-10-29 16:57:47 INFO  Log:24 - Open in CHROME
2019-10-29 16:57:57 INFO  Log:24 - tearDown
2019-10-29 16:57:57 INFO  Log:24 - setUp - before method 
2019-10-29 16:57:57 INFO  Log:24 - grid to run  - myMachine 
2019-10-29 16:57:57 INFO  Log:24 - Open in CHROME
2019-10-29 16:58:05 INFO  Log:24 - tearDown
2019-10-29 16:58:06 INFO  Log:24 - setUp - before method 
2019-10-29 16:58:06 INFO  Log:24 - grid to run  - myMachine 
2019-10-29 16:58:06 INFO  Log:24 - Open in CHROME
2019-10-29 16:58:14 INFO  Log:24 - tearDown
2019-10-29 17:02:08 INFO  Log:24 - setUp - before method 
2019-10-29 17:02:08 INFO  Log:24 - grid to run  - myMachine 
2019-10-29 17:02:08 INFO  Log:24 - Open in CHROME
2019-10-29 17:02:14 INFO  Log:24 - tearDown
2019-10-29 17:02:14 INFO  Log:24 - setUp - before method 
2019-10-29 17:02:14 INFO  Log:24 - grid to run  - myMachine 
2019-10-29 17:02:14 INFO  Log:24 - Open in CHROME
2019-10-29 17:02:20 INFO  Log:24 - tearDown
2019-10-29 17:02:20 INFO  Log:24 - setUp - before method 
2019-10-29 17:02:20 INFO  Log:24 - grid to run  - myMachine 
2019-10-29 17:02:20 INFO  Log:24 - Open in CHROME
2019-10-29 17:02:24 INFO  Log:24 - tearDown
2019-10-29 17:02:24 INFO  Log:24 - setUp - before method 
2019-10-29 17:02:24 INFO  Log:24 - grid to run  - myMachine 
2019-10-29 17:02:24 INFO  Log:24 - Open in CHROME
2019-10-29 17:02:29 INFO  Log:24 - tearDown
2019-10-29 17:02:29 INFO  Log:24 - setUp - before method 
2019-10-29 17:02:29 INFO  Log:24 - grid to run  - myMachine 
2019-10-29 17:02:29 INFO  Log:24 - Open in CHROME
2019-10-29 17:02:35 INFO  Log:24 - tearDown
2019-10-29 17:02:35 INFO  Log:24 - setUp - before method 
2019-10-29 17:02:35 INFO  Log:24 - grid to run  - myMachine 
2019-10-29 17:02:35 INFO  Log:24 - Open in CHROME
2019-10-29 17:02:40 INFO  Log:24 - tearDown
2019-10-29 17:02:40 INFO  Log:24 - setUp - before method 
2019-10-29 17:02:40 INFO  Log:24 - grid to run  - myMachine 
2019-10-29 17:02:40 INFO  Log:24 - Open in CHROME
2019-10-29 17:03:13 INFO  Log:24 - tearDown
2019-10-29 17:03:13 INFO  Log:24 - setUp - before method 
2019-10-29 17:03:13 INFO  Log:24 - grid to run  - myMachine 
2019-10-29 17:03:13 INFO  Log:24 - Open in CHROME
2019-10-29 17:03:46 INFO  Log:24 - tearDown
2019-10-29 17:03:46 INFO  Log:24 - setUp - before method 
2019-10-29 17:03:46 INFO  Log:24 - grid to run  - myMachine 
2019-10-29 17:03:46 INFO  Log:24 - Open in CHROME
2019-10-29 17:04:00 INFO  Log:24 - tearDown
2019-10-29 17:04:00 INFO  Log:24 - setUp - before method 
2019-10-29 17:04:00 INFO  Log:24 - grid to run  - myMachine 
2019-10-29 17:04:00 INFO  Log:24 - Open in CHROME
2019-10-29 17:04:12 INFO  Log:24 - tearDown
2019-10-29 17:04:12 INFO  Log:24 - setUp - before method 
2019-10-29 17:04:12 INFO  Log:24 - grid to run  - myMachine 
2019-10-29 17:04:12 INFO  Log:24 - Open in CHROME
2019-10-29 17:04:22 INFO  Log:24 - tearDown
2019-10-29 17:04:22 INFO  Log:24 - setUp - before method 
2019-10-29 17:04:22 INFO  Log:24 - grid to run  - myMachine 
2019-10-29 17:04:22 INFO  Log:24 - Open in CHROME
2019-10-29 17:04:41 INFO  Log:24 - tearDown
2019-10-29 17:08:04 INFO  Log:24 - setUp - before method 
2019-10-29 17:08:04 INFO  Log:24 - grid to run  - myMachine 
2019-10-29 17:08:04 INFO  Log:24 - Open in CHROME
2019-10-29 17:08:10 INFO  Log:24 - tearDown
2019-10-29 17:08:10 INFO  Log:24 - setUp - before method 
2019-10-29 17:08:10 INFO  Log:24 - grid to run  - myMachine 
2019-10-29 17:08:10 INFO  Log:24 - Open in CHROME
2019-10-29 17:08:15 INFO  Log:24 - tearDown
2019-10-29 17:08:15 INFO  Log:24 - setUp - before method 
2019-10-29 17:08:15 INFO  Log:24 - grid to run  - myMachine 
2019-10-29 17:08:15 INFO  Log:24 - Open in CHROME
2019-10-29 17:08:18 INFO  Log:24 - tearDown
2019-10-29 17:08:18 INFO  Log:24 - setUp - before method 
2019-10-29 17:08:18 INFO  Log:24 - grid to run  - myMachine 
2019-10-29 17:08:18 INFO  Log:24 - Open in CHROME
2019-10-29 17:08:24 INFO  Log:24 - tearDown
2019-10-29 17:08:24 INFO  Log:24 - setUp - before method 
2019-10-29 17:08:24 INFO  Log:24 - grid to run  - myMachine 
2019-10-29 17:08:24 INFO  Log:24 - Open in CHROME
2019-10-29 17:08:29 INFO  Log:24 - tearDown
2019-10-29 17:08:29 INFO  Log:24 - setUp - before method 
2019-10-29 17:08:29 INFO  Log:24 - grid to run  - myMachine 
2019-10-29 17:08:29 INFO  Log:24 - Open in CHROME
2019-10-29 17:08:36 INFO  Log:24 - tearDown
2019-10-29 17:08:36 INFO  Log:24 - setUp - before method 
2019-10-29 17:08:36 INFO  Log:24 - grid to run  - myMachine 
2019-10-29 17:08:36 INFO  Log:24 - Open in CHROME
2019-10-29 17:09:15 INFO  Log:24 - tearDown
2019-10-29 17:09:15 INFO  Log:24 - setUp - before method 
2019-10-29 17:09:15 INFO  Log:24 - grid to run  - myMachine 
2019-10-29 17:09:15 INFO  Log:24 - Open in CHROME
2019-10-29 17:09:38 INFO  Log:24 - tearDown
2019-10-29 17:09:38 INFO  Log:24 - setUp - before method 
2019-10-29 17:09:38 INFO  Log:24 - grid to run  - myMachine 
2019-10-29 17:09:38 INFO  Log:24 - Open in CHROME
2019-10-29 17:10:49 INFO  Log:24 - tearDown
2019-10-29 17:10:49 INFO  Log:24 - setUp - before method 
2019-10-29 17:10:49 INFO  Log:24 - grid to run  - myMachine 
2019-10-29 17:10:49 INFO  Log:24 - Open in CHROME
2019-10-29 17:11:06 INFO  Log:24 - tearDown
2019-10-29 17:11:06 INFO  Log:24 - setUp - before method 
2019-10-29 17:11:06 INFO  Log:24 - grid to run  - myMachine 
2019-10-29 17:11:06 INFO  Log:24 - Open in CHROME
2019-10-29 17:11:18 INFO  Log:24 - tearDown
2019-10-29 17:11:18 INFO  Log:24 - setUp - before method 
2019-10-29 17:11:18 INFO  Log:24 - grid to run  - myMachine 
2019-10-29 17:11:18 INFO  Log:24 - Open in CHROME
2019-10-29 17:11:27 INFO  Log:24 - tearDown
2019-10-29 17:32:59 INFO  Log:24 - setUp - before method 
2019-10-29 17:32:59 INFO  Log:24 - grid to run  - myMachine 
2019-10-29 17:32:59 INFO  Log:24 - Open in CHROME
2019-10-29 17:34:29 INFO  Log:24 - setUp - before method 
2019-10-29 17:34:29 INFO  Log:24 - grid to run  - myMachine 
2019-10-29 17:34:29 INFO  Log:24 - Open in CHROME
2019-10-29 17:42:38 INFO  Log:24 - setUp - before method 
2019-10-29 17:42:38 INFO  Log:24 - grid to run  - myMachine 
2019-10-29 17:42:38 INFO  Log:24 - Open in CHROME
2019-10-29 17:46:45 INFO  Log:24 - tearDown
2019-10-29 17:46:45 INFO  Log:24 - setUp - before method 
2019-10-29 17:46:45 INFO  Log:24 - grid to run  - myMachine 
2019-10-29 17:46:45 INFO  Log:24 - Open in CHROME
2019-10-29 17:47:19 INFO  Log:24 - setUp - before method 
2019-10-29 17:47:19 INFO  Log:24 - grid to run  - myMachine 
2019-10-29 17:47:19 INFO  Log:24 - Open in CHROME
2019-10-29 17:51:43 INFO  Log:24 - setUp - before method 
2019-10-29 17:51:43 INFO  Log:24 - grid to run  - myMachine 
2019-10-29 17:51:43 INFO  Log:24 - Open in CHROME
2019-10-29 17:53:07 INFO  Log:24 - setUp - before method 
2019-10-29 17:53:07 INFO  Log:24 - grid to run  - myMachine 
2019-10-29 17:53:07 INFO  Log:24 - Open in CHROME
2019-10-29 17:58:13 INFO  Log:24 - setUp - before method 
2019-10-29 17:58:13 INFO  Log:24 - grid to run  - myMachine 
2019-10-29 17:58:13 INFO  Log:24 - Open in CHROME
2019-10-29 18:02:37 INFO  Log:24 - setUp - before method 
2019-10-29 18:02:37 INFO  Log:24 - grid to run  - myMachine 
2019-10-29 18:02:37 INFO  Log:24 - Open in CHROME
2019-10-29 18:11:48 INFO  Log:24 - setUp - before method 
2019-10-29 18:11:48 INFO  Log:24 - grid to run  - myMachine 
2019-10-29 18:11:48 INFO  Log:24 - Open in CHROME
2019-10-29 18:15:58 INFO  Log:24 - setUp - before method 
2019-10-29 18:15:58 INFO  Log:24 - grid to run  - myMachine 
2019-10-29 18:15:58 INFO  Log:24 - Open in CHROME
2019-10-29 18:18:24 INFO  Log:24 - setUp - before method 
2019-10-29 18:18:24 INFO  Log:24 - grid to run  - myMachine 
2019-10-29 18:18:24 INFO  Log:24 - Open in CHROME
2019-10-29 18:31:34 INFO  Log:24 - setUp - before method 
2019-10-29 18:31:34 INFO  Log:24 - grid to run  - myMachine 
2019-10-29 18:31:34 INFO  Log:24 - Open in CHROME
2019-10-29 18:33:29 INFO  Log:24 - setUp - before method 
2019-10-29 18:33:29 INFO  Log:24 - grid to run  - myMachine 
2019-10-29 18:33:29 INFO  Log:24 - Open in CHROME
2019-10-30 09:30:49 INFO  Log:24 - setUp - before method 
2019-10-30 09:30:49 INFO  Log:24 - grid to run  - myMachine 
2019-10-30 09:30:49 INFO  Log:24 - Open in CHROME
2019-10-30 09:36:21 INFO  Log:24 - setUp - before method 
2019-10-30 09:36:21 INFO  Log:24 - grid to run  - myMachine 
2019-10-30 09:36:21 INFO  Log:24 - Open in CHROME
2019-10-30 09:37:58 INFO  Log:24 - setUp - before method 
2019-10-30 09:37:58 INFO  Log:24 - grid to run  - myMachine 
2019-10-30 09:37:58 INFO  Log:24 - Open in CHROME
2019-10-30 09:46:14 INFO  Log:24 - setUp - before method 
2019-10-30 09:46:14 INFO  Log:24 - grid to run  - myMachine 
2019-10-30 09:46:14 INFO  Log:24 - Open in CHROME
2019-10-30 09:46:17 INFO  Log:24 - tearDown
2019-10-30 09:46:17 INFO  Log:24 - setUp - before method 
2019-10-30 09:46:17 INFO  Log:24 - grid to run  - myMachine 
2019-10-30 09:46:17 INFO  Log:24 - Open in CHROME
2019-10-30 09:46:19 INFO  Log:24 - tearDown
2019-10-30 09:46:19 INFO  Log:24 - setUp - before method 
2019-10-30 09:46:19 INFO  Log:24 - grid to run  - myMachine 
2019-10-30 09:46:19 INFO  Log:24 - Open in CHROME
2019-10-30 09:46:21 INFO  Log:24 - tearDown
2019-10-30 09:50:36 INFO  Log:24 - setUp - before method 
2019-10-30 09:50:36 INFO  Log:24 - grid to run  - myMachine 
2019-10-30 09:50:36 INFO  Log:24 - Open in CHROME
2019-10-30 09:50:53 INFO  Log:24 - tearDown
2019-10-30 09:50:53 INFO  Log:24 - setUp - before method 
2019-10-30 09:50:53 INFO  Log:24 - grid to run  - myMachine 
2019-10-30 09:50:53 INFO  Log:24 - Open in CHROME
2019-10-30 09:54:26 INFO  Log:24 - tearDown
2019-10-30 09:54:26 INFO  Log:24 - setUp - before method 
2019-10-30 09:54:26 INFO  Log:24 - grid to run  - myMachine 
2019-10-30 09:54:26 INFO  Log:24 - Open in CHROME
2019-10-30 09:54:38 INFO  Log:24 - tearDown
2019-10-30 10:01:52 INFO  Log:24 - setUp - before method 
2019-10-30 10:01:52 INFO  Log:24 - grid to run  - myMachine 
2019-10-30 10:01:52 INFO  Log:24 - Open in CHROME
2019-10-30 10:10:28 INFO  Log:24 - tearDown
2019-10-30 10:10:28 INFO  Log:24 - setUp - before method 
2019-10-30 10:10:28 INFO  Log:24 - grid to run  - myMachine 
2019-10-30 10:10:28 INFO  Log:24 - Open in CHROME
2019-10-30 10:11:38 INFO  Log:24 - setUp - before method 
2019-10-30 10:11:38 INFO  Log:24 - grid to run  - myMachine 
2019-10-30 10:11:38 INFO  Log:24 - Open in CHROME
2019-10-30 10:11:45 INFO  Log:24 - Choosing sort by
2019-10-30 10:11:47 INFO  Log:24 - tearDown
2019-10-30 10:11:47 INFO  Log:24 - setUp - before method 
2019-10-30 10:11:47 INFO  Log:24 - grid to run  - myMachine 
2019-10-30 10:11:47 INFO  Log:24 - Open in CHROME
2019-10-30 10:11:50 INFO  Log:24 - Choosing sort by
2019-10-30 10:17:27 INFO  Log:24 - setUp - before method 
2019-10-30 10:17:27 INFO  Log:24 - grid to run  - myMachine 
2019-10-30 10:17:27 INFO  Log:24 - Open in CHROME
2019-10-30 10:17:32 INFO  Log:24 - Choosing sort by
2019-10-30 10:17:32 INFO  Log:24 - tearDown
2019-10-30 10:17:32 INFO  Log:24 - setUp - before method 
2019-10-30 10:17:32 INFO  Log:24 - grid to run  - myMachine 
2019-10-30 10:17:32 INFO  Log:24 - Open in CHROME
2019-10-30 10:17:36 INFO  Log:24 - Choosing sort by
2019-10-30 10:17:37 INFO  Log:24 - tearDown
2019-10-30 10:17:37 INFO  Log:24 - setUp - before method 
2019-10-30 10:17:37 INFO  Log:24 - grid to run  - myMachine 
2019-10-30 10:17:37 INFO  Log:24 - Open in CHROME
2019-10-30 10:17:41 INFO  Log:24 - Choosing sort by
2019-10-30 10:17:41 INFO  Log:24 - tearDown
2019-10-30 10:20:46 INFO  Log:24 - setUp - before method 
2019-10-30 10:20:46 INFO  Log:24 - grid to run  - myMachine 
2019-10-30 10:20:46 INFO  Log:24 - Open in CHROME
2019-10-30 10:20:52 INFO  Log:24 - Choosing sort by
2019-10-30 10:20:53 INFO  Log:24 - tearDown
2019-10-30 10:20:53 INFO  Log:24 - setUp - before method 
2019-10-30 10:20:53 INFO  Log:24 - grid to run  - myMachine 
2019-10-30 10:20:53 INFO  Log:24 - Open in CHROME
2019-10-30 10:20:57 INFO  Log:24 - Choosing sort by
2019-10-30 10:20:57 INFO  Log:24 - tearDown
2019-10-30 10:20:58 INFO  Log:24 - setUp - before method 
2019-10-30 10:20:58 INFO  Log:24 - grid to run  - myMachine 
2019-10-30 10:20:58 INFO  Log:24 - Open in CHROME
2019-10-30 10:21:02 INFO  Log:24 - Choosing sort by
2019-10-30 10:21:02 INFO  Log:24 - tearDown
2019-10-30 10:22:57 INFO  Log:24 - setUp - before method 
2019-10-30 10:22:57 INFO  Log:24 - grid to run  - myMachine 
2019-10-30 10:22:57 INFO  Log:24 - Open in CHROME
2019-10-30 10:23:02 INFO  Log:24 - Choosing sort by
2019-10-30 10:23:02 INFO  Log:24 - tearDown
2019-10-30 10:23:02 INFO  Log:24 - setUp - before method 
2019-10-30 10:23:02 INFO  Log:24 - grid to run  - myMachine 
2019-10-30 10:23:02 INFO  Log:24 - Open in CHROME
2019-10-30 10:23:07 INFO  Log:24 - Choosing sort by
2019-10-30 10:23:07 INFO  Log:24 - tearDown
2019-10-30 10:23:07 INFO  Log:24 - setUp - before method 
2019-10-30 10:23:07 INFO  Log:24 - grid to run  - myMachine 
2019-10-30 10:23:07 INFO  Log:24 - Open in CHROME
2019-10-30 10:23:11 INFO  Log:24 - Choosing sort by
2019-10-30 10:23:12 INFO  Log:24 - tearDown
2019-10-30 10:24:55 INFO  Log:24 - setUp - before method 
2019-10-30 10:24:55 INFO  Log:24 - grid to run  - myMachine 
2019-10-30 10:24:55 INFO  Log:24 - Open in CHROME
2019-10-30 10:25:13 INFO  Log:24 - Choosing sort by
2019-10-30 10:25:25 INFO  Log:24 - tearDown
2019-10-30 10:25:25 INFO  Log:24 - setUp - before method 
2019-10-30 10:25:25 INFO  Log:24 - grid to run  - myMachine 
2019-10-30 10:25:25 INFO  Log:24 - Open in CHROME
2019-10-30 10:25:34 INFO  Log:24 - Choosing sort by
2019-10-30 10:25:46 INFO  Log:24 - tearDown
2019-10-30 10:25:46 INFO  Log:24 - setUp - before method 
2019-10-30 10:25:46 INFO  Log:24 - grid to run  - myMachine 
2019-10-30 10:25:46 INFO  Log:24 - Open in CHROME
2019-10-30 10:25:55 INFO  Log:24 - Choosing sort by
2019-10-30 10:26:02 INFO  Log:24 - tearDown
2019-10-30 10:27:48 INFO  Log:24 - setUp - before method 
2019-10-30 10:27:48 INFO  Log:24 - grid to run  - myMachine 
2019-10-30 10:27:48 INFO  Log:24 - Open in CHROME
2019-10-30 10:27:54 INFO  Log:24 - Choosing sort by
2019-10-30 10:27:55 INFO  Log:24 - tearDown
2019-10-30 10:27:55 INFO  Log:24 - setUp - before method 
2019-10-30 10:27:55 INFO  Log:24 - grid to run  - myMachine 
2019-10-30 10:27:55 INFO  Log:24 - Open in CHROME
2019-10-30 10:30:10 INFO  Log:24 - setUp - before method 
2019-10-30 10:30:10 INFO  Log:24 - grid to run  - myMachine 
2019-10-30 10:30:10 INFO  Log:24 - Open in CHROME
2019-10-30 10:30:16 INFO  Log:24 - Choosing sort by
2019-10-30 10:30:21 INFO  Log:24 - tearDown
2019-10-30 10:30:21 INFO  Log:24 - setUp - before method 
2019-10-30 10:30:21 INFO  Log:24 - grid to run  - myMachine 
2019-10-30 10:30:21 INFO  Log:24 - Open in CHROME
2019-10-30 10:33:18 INFO  Log:24 - setUp - before method 
2019-10-30 10:33:18 INFO  Log:24 - grid to run  - myMachine 
2019-10-30 10:33:18 INFO  Log:24 - Open in CHROME
2019-10-30 10:33:23 INFO  Log:24 - Choosing sort by
2019-10-30 10:33:29 INFO  Log:24 - tearDown
2019-10-30 10:33:29 INFO  Log:24 - setUp - before method 
2019-10-30 10:33:29 INFO  Log:24 - grid to run  - myMachine 
2019-10-30 10:33:29 INFO  Log:24 - Open in CHROME
2019-10-30 10:33:33 INFO  Log:24 - Choosing sort by
2019-10-30 10:33:39 INFO  Log:24 - tearDown
2019-10-30 10:33:39 INFO  Log:24 - setUp - before method 
2019-10-30 10:33:39 INFO  Log:24 - grid to run  - myMachine 
2019-10-30 10:33:39 INFO  Log:24 - Open in CHROME
2019-10-30 10:33:43 INFO  Log:24 - Choosing sort by
2019-10-30 10:33:48 INFO  Log:24 - tearDown
2019-10-30 10:34:12 INFO  Log:24 - setUp - before method 
2019-10-30 10:34:12 INFO  Log:24 - grid to run  - myMachine 
2019-10-30 10:34:12 INFO  Log:24 - Open in CHROME
2019-10-30 10:34:16 INFO  Log:24 - Choosing sort by
2019-10-30 10:34:23 INFO  Log:24 - tearDown
2019-10-30 10:34:23 INFO  Log:24 - setUp - before method 
2019-10-30 10:34:23 INFO  Log:24 - grid to run  - myMachine 
2019-10-30 10:34:23 INFO  Log:24 - Open in CHROME
2019-10-30 10:34:26 INFO  Log:24 - Choosing sort by
2019-10-30 10:34:32 INFO  Log:24 - tearDown
2019-10-30 10:34:32 INFO  Log:24 - setUp - before method 
2019-10-30 10:34:32 INFO  Log:24 - grid to run  - myMachine 
2019-10-30 10:34:32 INFO  Log:24 - Open in CHROME
2019-10-30 10:34:37 INFO  Log:24 - Choosing sort by
2019-10-30 10:34:42 INFO  Log:24 - tearDown
2019-10-30 10:34:42 INFO  Log:24 - setUp - before method 
2019-10-30 10:34:42 INFO  Log:24 - grid to run  - myMachine 
2019-10-30 10:34:42 INFO  Log:24 - Open in CHROME
2019-10-30 10:34:52 INFO  Log:24 - tearDown
2019-10-30 10:34:52 INFO  Log:24 - setUp - before method 
2019-10-30 10:34:52 INFO  Log:24 - grid to run  - myMachine 
2019-10-30 10:34:52 INFO  Log:24 - Open in CHROME
2019-10-30 10:34:57 INFO  Log:24 - tearDown
2019-10-30 10:34:57 INFO  Log:24 - setUp - before method 
2019-10-30 10:34:57 INFO  Log:24 - grid to run  - myMachine 
2019-10-30 10:34:57 INFO  Log:24 - Open in CHROME
2019-10-30 10:35:01 INFO  Log:24 - tearDown
